This is ApacheBench, Version 2.3 <$Revision: 1796539 $>
Copyright 1996 Adam Twiss, Zeus Technology Ltd, http://www.zeustech.net/
Licensed to The Apache Software Foundation, http://www.apache.org/

Benchmarking 0.0.0.0 (be patient)


Server Software:        Cowboy
Server Hostname:        0.0.0.0
Server Port:            4000

Document Path:          /api
Document Length:        25 bytes

Concurrency Level:      200
Time taken for tests:   17.230 seconds
Complete requests:      50000
Failed requests:        0
Keep-Alive requests:    49600
Total transferred:      13990400 bytes
Total body sent:        12150000
HTML transferred:       1250000 bytes
Requests per second:    2901.95 [#/sec] (mean)
Time per request:       68.919 [ms] (mean)
Time per request:       0.345 [ms] (mean, across all concurrent requests)
Transfer rate:          792.96 [Kbytes/sec] received
                        688.65 kb/s sent
                        1481.60 kb/s total

Connection Times (ms)
              min  mean[+/-sd] median   max
Connect:        0    0   6.2      0     281
Processing:     4   69  32.8     62     331
Waiting:        4   69  32.8     62     331
Total:          4   69  33.6     62     374

Percentage of the requests served within a certain time (ms)
  50%     62
  66%     77
  75%     89
  80%     96
  90%    115
  95%    130
  98%    150
  99%    166
 100%    374 (longest request)
