This is ApacheBench, Version 2.3 <$Revision: 1807734 $>
Copyright 1996 Adam Twiss, Zeus Technology Ltd, http://www.zeustech.net/
Licensed to The Apache Software Foundation, http://www.apache.org/

Benchmarking 0.0.0.0 (be patient)


Server Software:        Cowboy
Server Hostname:        0.0.0.0
Server Port:            4001

Document Path:          /api
Document Length:        2 bytes

Concurrency Level:      50
Time taken for tests:   0.636 seconds
Complete requests:      5000
Failed requests:        0
Keep-Alive requests:    4974
Total transferred:      1079376 bytes
HTML transferred:       10000 bytes
Requests per second:    7862.27 [#/sec] (mean)
Time per request:       6.359 [ms] (mean)
Time per request:       0.127 [ms] (mean, across all concurrent requests)
Transfer rate:          1657.49 [Kbytes/sec] received

Connection Times (ms)
              min  mean[+/-sd] median   max
Connect:        0    0   0.1      0       2
Processing:     0    6   4.2      5      45
Waiting:        0    6   4.2      5      45
Total:          0    6   4.3      5      46

Percentage of the requests served within a certain time (ms)
  50%      5
  66%      7
  75%      8
  80%      9
  90%     12
  95%     14
  98%     18
  99%     21
 100%     46 (longest request)
